C:\Program Files (x86)\MSBuild\Microsoft.Cpp\v4.0\V140\Microsoft.CppBuild.targets(392,5): warning MSB8028: The intermediate directory (Debug\) contains files shared from another project (TP1.vcxproj).  This can lead to incorrect clean and rebuild behavior.
  Vecteur3.cpp
  textfile.cpp
  Var.cpp
  Triangle.cpp
  StringUtils.cpp
  Scene.cpp
  Rayon.cpp
  Quadrique.cpp
  Plan.cpp
  NuanceurProg.cpp
  Matrice4.cpp
  main.cpp
  Lumiere.cpp
  ISurface.cpp
  Intersection.cpp
  Cst.cpp
  Couleur.cpp
  Generating Code...
Couleur.obj : warning LNK4075: ignoring '/EDITANDCONTINUE' due to '/SAFESEH' specification
LINK : warning LNK4098: defaultlib 'MSVCRT' conflicts with use of other libs; use /NODEFAULTLIB:library
  TP1.vcxproj -> H:\POLY\Maitrise\INF8702 - Charge de Lab\A2016\TP3\TP3_fromTP1\Debug\TP3.exe
  TP1.vcxproj -> H:\POLY\Maitrise\INF8702 - Charge de Lab\A2016\TP3\TP3_fromTP1\Debug\TP3.pdb (Full PDB)
