h:\poly\maitrise\inf8702 - charge de lab\a2016\tp3\tp3_fromtp1\debug\vc140.pdb
h:\poly\maitrise\inf8702 - charge de lab\a2016\tp3\tp3_fromtp1\debug\vc140.idb
h:\poly\maitrise\inf8702 - charge de lab\a2016\tp3\tp3_fromtp1\debug\couleur.obj
h:\poly\maitrise\inf8702 - charge de lab\a2016\tp3\tp3_fromtp1\debug\cst.obj
h:\poly\maitrise\inf8702 - charge de lab\a2016\tp3\tp3_fromtp1\debug\intersection.obj
h:\poly\maitrise\inf8702 - charge de lab\a2016\tp3\tp3_fromtp1\debug\isurface.obj
h:\poly\maitrise\inf8702 - charge de lab\a2016\tp3\tp3_fromtp1\debug\lumiere.obj
h:\poly\maitrise\inf8702 - charge de lab\a2016\tp3\tp3_fromtp1\debug\main.obj
h:\poly\maitrise\inf8702 - charge de lab\a2016\tp3\tp3_fromtp1\debug\matrice4.obj
h:\poly\maitrise\inf8702 - charge de lab\a2016\tp3\tp3_fromtp1\debug\nuanceurprog.obj
h:\poly\maitrise\inf8702 - charge de lab\a2016\tp3\tp3_fromtp1\debug\plan.obj
h:\poly\maitrise\inf8702 - charge de lab\a2016\tp3\tp3_fromtp1\debug\quadrique.obj
h:\poly\maitrise\inf8702 - charge de lab\a2016\tp3\tp3_fromtp1\debug\rayon.obj
h:\poly\maitrise\inf8702 - charge de lab\a2016\tp3\tp3_fromtp1\debug\scene.obj
h:\poly\maitrise\inf8702 - charge de lab\a2016\tp3\tp3_fromtp1\debug\stringutils.obj
h:\poly\maitrise\inf8702 - charge de lab\a2016\tp3\tp3_fromtp1\debug\triangle.obj
h:\poly\maitrise\inf8702 - charge de lab\a2016\tp3\tp3_fromtp1\debug\var.obj
h:\poly\maitrise\inf8702 - charge de lab\a2016\tp3\tp3_fromtp1\debug\textfile.obj
h:\poly\maitrise\inf8702 - charge de lab\a2016\tp3\tp3_fromtp1\debug\vecteur3.obj
h:\poly\maitrise\inf8702 - charge de lab\a2016\tp3\tp3_fromtp1\debug\tp1.tlog\cl.command.1.tlog
h:\poly\maitrise\inf8702 - charge de lab\a2016\tp3\tp3_fromtp1\debug\tp1.tlog\cl.read.1.tlog
h:\poly\maitrise\inf8702 - charge de lab\a2016\tp3\tp3_fromtp1\debug\tp1.tlog\cl.write.1.tlog
h:\poly\maitrise\inf8702 - charge de lab\a2016\tp3\tp3_fromtp1\debug\tp1.tlog\link.command.1.tlog
h:\poly\maitrise\inf8702 - charge de lab\a2016\tp3\tp3_fromtp1\debug\tp1.tlog\link.read.1.tlog
h:\poly\maitrise\inf8702 - charge de lab\a2016\tp3\tp3_fromtp1\debug\tp1.tlog\link.write.1.tlog
