e:\poly\maitrise\inf8702 - charge de lab\a2016\tp3\tp3\debug\vc140.pdb
e:\poly\maitrise\inf8702 - charge de lab\a2016\tp3\tp3\debug\vc140.idb
e:\poly\maitrise\inf8702 - charge de lab\a2016\tp3\tp3\debug\couleur.obj
e:\poly\maitrise\inf8702 - charge de lab\a2016\tp3\tp3\debug\cst.obj
e:\poly\maitrise\inf8702 - charge de lab\a2016\tp3\tp3\debug\intersection.obj
e:\poly\maitrise\inf8702 - charge de lab\a2016\tp3\tp3\debug\isurface.obj
e:\poly\maitrise\inf8702 - charge de lab\a2016\tp3\tp3\debug\lumiere.obj
e:\poly\maitrise\inf8702 - charge de lab\a2016\tp3\tp3\debug\main.obj
e:\poly\maitrise\inf8702 - charge de lab\a2016\tp3\tp3\debug\matrice4.obj
e:\poly\maitrise\inf8702 - charge de lab\a2016\tp3\tp3\debug\nuanceurprog.obj
e:\poly\maitrise\inf8702 - charge de lab\a2016\tp3\tp3\debug\plan.obj
e:\poly\maitrise\inf8702 - charge de lab\a2016\tp3\tp3\debug\quadrique.obj
e:\poly\maitrise\inf8702 - charge de lab\a2016\tp3\tp3\debug\rayon.obj
e:\poly\maitrise\inf8702 - charge de lab\a2016\tp3\tp3\debug\scene.obj
e:\poly\maitrise\inf8702 - charge de lab\a2016\tp3\tp3\debug\stringutils.obj
e:\poly\maitrise\inf8702 - charge de lab\a2016\tp3\tp3\debug\triangle.obj
e:\poly\maitrise\inf8702 - charge de lab\a2016\tp3\tp3\debug\var.obj
e:\poly\maitrise\inf8702 - charge de lab\a2016\tp3\tp3\debug\textfile.obj
e:\poly\maitrise\inf8702 - charge de lab\a2016\tp3\tp3\debug\vecteur3.obj
e:\poly\maitrise\inf8702 - charge de lab\a2016\tp3\tp3\debug\tp3.ilk
e:\poly\maitrise\inf8702 - charge de lab\a2016\tp3\tp3\debug\tp3.exe
e:\poly\maitrise\inf8702 - charge de lab\a2016\tp3\tp3\debug\tp3.pdb
e:\poly\maitrise\inf8702 - charge de lab\a2016\tp3\tp3\debug\tp3.tlog\cl.command.1.tlog
e:\poly\maitrise\inf8702 - charge de lab\a2016\tp3\tp3\debug\tp3.tlog\cl.read.1.tlog
e:\poly\maitrise\inf8702 - charge de lab\a2016\tp3\tp3\debug\tp3.tlog\cl.write.1.tlog
e:\poly\maitrise\inf8702 - charge de lab\a2016\tp3\tp3\debug\tp3.tlog\link.command.1.tlog
e:\poly\maitrise\inf8702 - charge de lab\a2016\tp3\tp3\debug\tp3.tlog\link.read.1.tlog
e:\poly\maitrise\inf8702 - charge de lab\a2016\tp3\tp3\debug\tp3.tlog\link.write.1.tlog
